# JRE version: OpenJDK Runtime Environment Temurin-17.0.16+8 (17.0.16+8) (build 17.0.16+8)
# Java VM: OpenJDK 64-Bit Server VM Temurin-17.0.16+8 (17.0.16+8, mixed mode, sharing, tiered, compressed oops, compressed class ptrs, g1 gc, windows-amd64)
GC Precious Log:
 CPUs: 8 total, 8 available
 Memory: 16227M
 Large Page Support: Disabled
 NUMA Support: Disabled
 Compressed Oops: Enabled (Zero based)
 Heap Region Size: 4M
 Heap Min Capacity: 8M
 Heap Initial Capacity: 256M
 Heap Max Capacity: 8G
 Pre-touch: Disabled
 Parallel Workers: 8
 Concurrent Workers: 2
 Concurrent Refinement Workers: 8
 Periodic GC: Disabled
Heap:
 garbage-first heap   total 323584K, used 153884K [0x0000000600000000, 0x0000000800000000)
  region size 4096K, 2 young (8192K), 2 survivors (8192K)
 Metaspace       used 105695K, committed 106752K, reserved 1179648K
  class space    used 14682K, committed 15168K, reserved 1048576K
GC Heap History (20 events):
Event: 44.142 GC heap after
{Heap after GC invocations=37 (full 0):
 garbage-first heap   total 274432K, used 117503K [0x0000000600000000, 0x0000000800000000)
  region size 4096K, 3 young (12288K), 3 survivors (12288K)
 Metaspace       used 85213K, committed 86016K, reserved 1179648K
  class space    used 11733K, committed 12096K, reserved 1048576K
}
Event: 46.555 GC heap before
{Heap before GC invocations=37 (full 0):
 garbage-first heap   total 274432K, used 211711K [0x0000000600000000, 0x0000000800000000)
  region size 4096K, 26 young (106496K), 3 survivors (12288K)
 Metaspace       used 88862K, committed 89664K, reserved 1179648K
  class space    used 12232K, committed 12608K, reserved 1048576K
}
Event: 46.572 GC heap after
{Heap after GC invocations=38 (full 0):
 garbage-first heap   total 274432K, used 124561K [0x0000000600000000, 0x0000000800000000)
  region size 4096K, 4 young (16384K), 4 survivors (16384K)
 Metaspace       used 88862K, committed 89664K, reserved 1179648K
  class space    used 12232K, committed 12608K, reserved 1048576K
}
Event: 49.778 GC heap before
{Heap before GC invocations=38 (full 0):
 garbage-first heap   total 274432K, used 214673K [0x0000000600000000, 0x0000000800000000)
  region size 4096K, 27 young (110592K), 4 survivors (16384K)
 Metaspace       used 95435K, committed 96320K, reserved 1179648K
  class space    used 13259K, committed 13696K, reserved 1048576K
}
Event: 49.799 GC heap after
{Heap after GC invocations=39 (full 0):
 garbage-first heap   total 274432K, used 126583K [0x0000000600000000, 0x0000000800000000)
  region size 4096K, 3 young (12288K), 3 survivors (12288K)
 Metaspace       used 95435K, committed 96320K, reserved 1179648K
  class space    used 13259K, committed 13696K, reserved 1048576K
}
Event: 52.632 GC heap before
{Heap before GC invocations=39 (full 0):
 garbage-first heap   total 274432K, used 220791K [0x0000000600000000, 0x0000000800000000)
  region size 4096K, 26 young (106496K), 3 survivors (12288K)
 Metaspace       used 100393K, committed 101248K, reserved 1179648K
  class space    used 13923K, committed 14336K, reserved 1048576K
}
Event: 52.658 GC heap after
{Heap after GC invocations=40 (full 0):
 garbage-first heap   total 274432K, used 131600K [0x0000000600000000, 0x0000000800000000)
  region size 4096K, 2 young (8192K), 2 survivors (8192K)
 Metaspace       used 100393K, committed 101248K, reserved 1179648K
  class space    used 13923K, committed 14336K, reserved 1048576K
}
Event: 54.829 GC heap before
{Heap before GC invocations=40 (full 0):
 garbage-first heap   total 274432K, used 221712K [0x0000000600000000, 0x0000000800000000)
  region size 4096K, 24 young (98304K), 2 survivors (8192K)
 Metaspace       used 103391K, committed 104384K, reserved 1179648K
  class space    used 14297K, committed 14784K, reserved 1048576K
}
Event: 54.848 GC heap after
{Heap after GC invocations=41 (full 0):
 garbage-first heap   total 274432K, used 138279K [0x0000000600000000, 0x0000000800000000)
  region size 4096K, 3 young (12288K), 3 survivors (12288K)
 Metaspace       used 103391K, committed 104384K, reserved 1179648K
  class space    used 14297K, committed 14784K, reserved 1048576K
}
Event: 57.513 GC heap before
{Heap before GC invocations=42 (full 0):
 garbage-first heap   total 274432K, used 224295K [0x0000000600000000, 0x0000000800000000)
  region size 4096K, 24 young (98304K), 3 survivors (12288K)
 Metaspace       used 105384K, committed 106496K, reserved 1179648K
  class space    used 14654K, committed 15168K, reserved 1048576K
}
Event: 57.544 GC heap after
{Heap after GC invocations=43 (full 0):
 garbage-first heap   total 274432K, used 149501K [0x0000000600000000, 0x0000000800000000)
  region size 4096K, 3 young (12288K), 3 survivors (12288K)
 Metaspace       used 105384K, committed 106496K, reserved 1179648K
  class space    used 14654K, committed 15168K, reserved 1048576K
}
Event: 57.601 GC heap before
{Heap before GC invocations=43 (full 0):
 garbage-first heap   total 274432K, used 153597K [0x0000000600000000, 0x0000000800000000)
  region size 4096K, 4 young (16384K), 3 survivors (12288K)
 Metaspace       used 105384K, committed 106496K, reserved 1179648K
  class space    used 14654K, committed 15168K, reserved 1048576K
}
Event: 57.624 GC heap after
{Heap after GC invocations=44 (full 0):
 garbage-first heap   total 274432K, used 146565K [0x0000000600000000, 0x0000000800000000)
  region size 4096K, 1 young (4096K), 1 survivors (4096K)
 Metaspace       used 105384K, committed 106496K, reserved 1179648K
  class space    used 14654K, committed 15168K, reserved 1048576K
}
Event: 58.396 GC heap before
{Heap before GC invocations=44 (full 0):
 garbage-first heap   total 274432K, used 220293K [0x0000000600000000, 0x0000000800000000)
  region size 4096K, 19 young (77824K), 1 survivors (4096K)
 Metaspace       used 105410K, committed 106496K, reserved 1179648K
  class space    used 14654K, committed 15168K, reserved 1048576K
}
Event: 58.406 GC heap after
{Heap after GC invocations=45 (full 0):
 garbage-first heap   total 274432K, used 148086K [0x0000000600000000, 0x0000000800000000)
  region size 4096K, 2 young (8192K), 2 survivors (8192K)
 Metaspace       used 105410K, committed 106496K, reserved 1179648K
  class space    used 14654K, committed 15168K, reserved 1048576K
}
Event: 59.612 GC heap before
{Heap before GC invocations=46 (full 0):
 garbage-first heap   total 323584K, used 217718K [0x0000000600000000, 0x0000000800000000)
  region size 4096K, 19 young (77824K), 2 survivors (8192K)
 Metaspace       used 105685K, committed 106752K, reserved 1179648K
  class space    used 14682K, committed 15168K, reserved 1048576K
}
Event: 59.629 GC heap after
{Heap after GC invocations=47 (full 0):
 garbage-first heap   total 323584K, used 152581K [0x0000000600000000, 0x0000000800000000)
  region size 4096K, 3 young (12288K), 3 survivors (12288K)
 Metaspace       used 105685K, committed 106752K, reserved 1179648K
  class space    used 14682K, committed 15168K, reserved 1048576K
}
Event: 59.663 GC heap before
{Heap before GC invocations=47 (full 0):
 garbage-first heap   total 323584K, used 156677K [0x0000000600000000, 0x0000000800000000)
  region size 4096K, 4 young (16384K), 3 survivors (12288K)
 Metaspace       used 105692K, committed 106752K, reserved 1179648K
  class space    used 14682K, committed 15168K, reserved 1048576K
}
Event: 59.676 GC heap after
{Heap after GC invocations=48 (full 0):
 garbage-first heap   total 323584K, used 151049K [0x0000000600000000, 0x0000000800000000)
  region size 4096K, 1 young (4096K), 1 survivors (4096K)
 Metaspace       used 105692K, committed 106752K, reserved 1179648K
  class space    used 14682K, committed 15168K, reserved 1048576K
}
Event: 60.275 GC heap before
{Heap before GC invocations=48 (full 0):
 garbage-first heap   total 323584K, used 257545K [0x0000000600000000, 0x0000000800000000)
  region size 4096K, 28 young (114688K), 1 survivors (4096K)
 Metaspace       used 105695K, committed 106752K, reserved 1179648K
  class space    used 14682K, committed 15168K, reserved 1048576K
}

