# JRE version: OpenJDK Runtime Environment Temurin-17.0.16+8 (17.0.16+8) (build 17.0.16+8)
# Java VM: OpenJDK 64-Bit Server VM Temurin-17.0.16+8 (17.0.16+8, mixed mode, sharing, tiered, compressed oops, compressed class ptrs, g1 gc, windows-amd64)
GC Precious Log:
 CPUs: 8 total, 8 available
 Memory: 16227M
 Large Page Support: Disabled
 NUMA Support: Disabled
 Compressed Oops: Enabled (Zero based)
 Heap Region Size: 4M
 Heap Min Capacity: 8M
 Heap Initial Capacity: 256M
 Heap Max Capacity: 8G
 Pre-touch: Disabled
 Parallel Workers: 8
 Concurrent Workers: 2
 Concurrent Refinement Workers: 8
 Periodic GC: Disabled
Heap:
 garbage-first heap   total 397312K, used 229788K [0x0000000600000000, 0x0000000800000000)
  region size 4096K, 4 young (16384K), 4 survivors (16384K)
 Metaspace       used 124065K, committed 125440K, reserved 1179648K
  class space    used 17015K, committed 17664K, reserved 1048576K
GC Heap History (20 events):
Event: 58.772 GC heap after
{Heap after GC invocations=54 (full 0):
 garbage-first heap   total 307200K, used 171081K [0x0000000600000000, 0x0000000800000000)
  region size 4096K, 2 young (8192K), 2 survivors (8192K)
 Metaspace       used 108531K, committed 109760K, reserved 1179648K
  class space    used 15051K, committed 15616K, reserved 1048576K
}
Event: 60.043 GC heap before
{Heap before GC invocations=54 (full 0):
 garbage-first heap   total 307200K, used 240713K [0x0000000600000000, 0x0000000800000000)
  region size 4096K, 20 young (81920K), 2 survivors (8192K)
 Metaspace       used 108952K, committed 110144K, reserved 1179648K
  class space    used 15096K, committed 15680K, reserved 1048576K
}
Event: 60.059 GC heap after
{Heap after GC invocations=55 (full 0):
 garbage-first heap   total 307200K, used 182657K [0x0000000600000000, 0x0000000800000000)
  region size 4096K, 3 young (12288K), 3 survivors (12288K)
 Metaspace       used 108952K, committed 110144K, reserved 1179648K
  class space    used 15096K, committed 15680K, reserved 1048576K
}
Event: 60.416 GC heap before
{Heap before GC invocations=55 (full 0):
 garbage-first heap   total 307200K, used 244097K [0x0000000600000000, 0x0000000800000000)
  region size 4096K, 19 young (77824K), 3 survivors (12288K)
 Metaspace       used 108958K, committed 110144K, reserved 1179648K
  class space    used 15096K, committed 15680K, reserved 1048576K
}
Event: 60.429 GC heap after
{Heap after GC invocations=56 (full 0):
 garbage-first heap   total 368640K, used 186887K [0x0000000600000000, 0x0000000800000000)
  region size 4096K, 2 young (8192K), 2 survivors (8192K)
 Metaspace       used 108958K, committed 110144K, reserved 1179648K
  class space    used 15096K, committed 15680K, reserved 1048576K
}
Event: 61.921 GC heap before
{Heap before GC invocations=56 (full 0):
 garbage-first heap   total 368640K, used 289287K [0x0000000600000000, 0x0000000800000000)
  region size 4096K, 28 young (114688K), 2 survivors (8192K)
 Metaspace       used 109077K, committed 110272K, reserved 1179648K
  class space    used 15112K, committed 15680K, reserved 1048576K
}
Event: 61.934 GC heap after
{Heap after GC invocations=57 (full 0):
 garbage-first heap   total 368640K, used 196189K [0x0000000600000000, 0x0000000800000000)
  region size 4096K, 4 young (16384K), 4 survivors (16384K)
 Metaspace       used 109077K, committed 110272K, reserved 1179648K
  class space    used 15112K, committed 15680K, reserved 1048576K
}
Event: 62.335 GC heap before
{Heap before GC invocations=57 (full 0):
 garbage-first heap   total 368640K, used 216669K [0x0000000600000000, 0x0000000800000000)
  region size 4096K, 11 young (45056K), 4 survivors (16384K)
 Metaspace       used 109775K, committed 110976K, reserved 1179648K
  class space    used 15157K, committed 15744K, reserved 1048576K
}
Event: 62.356 GC heap after
{Heap after GC invocations=58 (full 0):
 garbage-first heap   total 368640K, used 198170K [0x0000000600000000, 0x0000000800000000)
  region size 4096K, 1 young (4096K), 1 survivors (4096K)
 Metaspace       used 109775K, committed 110976K, reserved 1179648K
  class space    used 15157K, committed 15744K, reserved 1048576K
}
Event: 65.286 GC heap before
{Heap before GC invocations=59 (full 0):
 garbage-first heap   total 368640K, used 288282K [0x0000000600000000, 0x0000000800000000)
  region size 4096K, 24 young (98304K), 1 survivors (4096K)
 Metaspace       used 113698K, committed 114944K, reserved 1179648K
  class space    used 15657K, committed 16256K, reserved 1048576K
}
Event: 65.305 GC heap after
{Heap after GC invocations=60 (full 0):
 garbage-first heap   total 368640K, used 206428K [0x0000000600000000, 0x0000000800000000)
  region size 4096K, 3 young (12288K), 3 survivors (12288K)
 Metaspace       used 113698K, committed 114944K, reserved 1179648K
  class space    used 15657K, committed 16256K, reserved 1048576K
}
Event: 65.396 GC heap before
{Heap before GC invocations=60 (full 0):
 garbage-first heap   total 368640K, used 210524K [0x0000000600000000, 0x0000000800000000)
  region size 4096K, 4 young (16384K), 3 survivors (12288K)
 Metaspace       used 113814K, committed 115136K, reserved 1179648K
  class space    used 15683K, committed 16320K, reserved 1048576K
}
Event: 65.423 GC heap after
{Heap after GC invocations=61 (full 0):
 garbage-first heap   total 368640K, used 203129K [0x0000000600000000, 0x0000000800000000)
  region size 4096K, 1 young (4096K), 1 survivors (4096K)
 Metaspace       used 113814K, committed 115136K, reserved 1179648K
  class space    used 15683K, committed 16320K, reserved 1048576K
}
Event: 67.354 GC heap before
{Heap before GC invocations=61 (full 0):
 garbage-first heap   total 368640K, used 293241K [0x0000000600000000, 0x0000000800000000)
  region size 4096K, 23 young (94208K), 1 survivors (4096K)
 Metaspace       used 117577K, committed 118848K, reserved 1179648K
  class space    used 16199K, committed 16832K, reserved 1048576K
}
Event: 67.372 GC heap after
{Heap after GC invocations=62 (full 0):
 garbage-first heap   total 368640K, used 208375K [0x0000000600000000, 0x0000000800000000)
  region size 4096K, 2 young (8192K), 2 survivors (8192K)
 Metaspace       used 117577K, committed 118848K, reserved 1179648K
  class space    used 16199K, committed 16832K, reserved 1048576K
}
Event: 69.203 GC heap before
{Heap before GC invocations=63 (full 0):
 garbage-first heap   total 397312K, used 294391K [0x0000000600000000, 0x0000000800000000)
  region size 4096K, 23 young (94208K), 2 survivors (8192K)
 Metaspace       used 121133K, committed 122432K, reserved 1179648K
  class space    used 16681K, committed 17280K, reserved 1048576K
}
Event: 69.225 GC heap after
{Heap after GC invocations=64 (full 0):
 garbage-first heap   total 397312K, used 217611K [0x0000000600000000, 0x0000000800000000)
  region size 4096K, 3 young (12288K), 3 survivors (12288K)
 Metaspace       used 121133K, committed 122432K, reserved 1179648K
  class space    used 16681K, committed 17280K, reserved 1048576K
}
Event: 69.298 GC heap before
{Heap before GC invocations=64 (full 0):
 garbage-first heap   total 397312K, used 221707K [0x0000000600000000, 0x0000000800000000)
  region size 4096K, 4 young (16384K), 3 survivors (12288K)
 Metaspace       used 121159K, committed 122560K, reserved 1179648K
  class space    used 16684K, committed 17344K, reserved 1048576K
}
Event: 69.330 GC heap after
{Heap after GC invocations=65 (full 0):
 garbage-first heap   total 397312K, used 215826K [0x0000000600000000, 0x0000000800000000)
  region size 4096K, 1 young (4096K), 1 survivors (4096K)
 Metaspace       used 121159K, committed 122560K, reserved 1179648K
  class space    used 16684K, committed 17344K, reserved 1048576K
}
Event: 71.660 GC heap before
{Heap before GC invocations=65 (full 0):
 garbage-first heap   total 397312K, used 318226K [0x0000000600000000, 0x0000000800000000)
  region size 4096K, 26 young (106496K), 1 survivors (4096K)
 Metaspace       used 124065K, committed 125440K, reserved 1179648K
  class space    used 17015K, committed 17664K, reserved 1048576K
}

